-----BEGIN PRIVATE KEY-----
MIIEvgIBADANBgkqhkiG9w0BAQEFAASCBKgwggSkAgEAAoIBAQC/nXHUI+9wTCf3
Opiz9rnSBIyiN2rTo0zRde32cWI80CvbZB2yk5wNAPVXiqwDgwhgxef9BS6VhndE
b+CkNnalq2QIF4IBRWUYFNDVt1SNYrJlqXRU6mvejR7dmDmFOiBDncvzlhupk6RC
h4lR3qUpYBZ3cYNgQlxTsixbItnZlyfX5ptASVMXa+b1CRnJV6hRb1ZMaC/zSGxS
l//u1fsYpMB2vUinOGkrhk6xKdBt9NA+ZySmJTUC6umlx8BjqmwL7930gtu3vmg+
LMmmYr8dtr/+PuMi1RstiJTpJ4Vww/VEFgUZZugTkHW0ncCJlOVI3WMHW3szAHcb
L9aW6IjXAgMBAAECggEARTAkmeUf3/yfsbWGzfSYxCzAWxKHkEO2ySs78XCfeDXy
oBVWY9TI1Ck0bZe05M+7hrXvPn1QhM04441CIAlKbiekxwc1+h+EkV1yyriX3zV0
FSFK0B6VNJbgPkNpAaIrZD7mFd5tvp2BAkTOYLF0EayQcDCcr3VGwTHkskOzRc2e
G/vDXcQtuBoVme1pjt0rJIMbG7J7RUKYf1pr2L0mNZFHhi2jcgJGJeIyX/4lViSp
BIJyRI/w0t6FwYqmKvlXsnQ/MTptx+wZNDGfByWT/F4+JbAEAanCJ9/phRgeJk2R
MP7T+SuBbjEnWS8B8/g0c47nogorMumCR9LECq+nAQKBgQDxWsyd4MSdtH8mum5Z
v5v/UGpSyyRs/LOdVppvneR06zPJA9jQYev6SFfK/8uLrxqGoP8BgirYzXpCdwZN
x9+XCBN8dJkLJzkJhWYxflXMDeuUe0vKoe57MZJ5C0vFFqz9eHLpBP2F/MpFyRGu
26mqt4hM6p+Yfv5BZ7I3k7jMuQKBgQDLPf1v2wXh6Sh95F+EBB8UIOMXmKhsrkC2
Cc5cs4Hke2x/arON6SchbZA4jFJEhqnU2mIty9nvIbcB4Y2cQyzx93E4awnY2PBT
0F85jfNigrOEF066f14EAzVx1pInLzWyZuYKryjhCDTnoTkJ262Ehd9Dn+qmU4vu
5Jf5vTfaDwKBgQDMTJLVtTRZVjcnXjoYqFPxK23ExYYA52tW7L7valS/D3UXW7VE
tw7cHi6KfDoc9Ezc1xzkdv2z5ULvTfc9EcpW+xQbjksaIMpsH8pgbNNNVh8q4a9H
SAkpqM2WvpQVsdse9701N+8uYswJhGj+fZxCEPdEPHp5yE2Kqa820klkqQKBgQCO
C+lRgBaAaeCu/Cn1rpu6CbIuD7fHHZKEqB3elGc4NTsDYqPTjxyWNGkT3J6y3htc
dLUhpNPQWhP58JZ0nE6RXot3Dvh24kg1i/DB3QA53Xdx3ohbuCERVNzJj1neoRQ6
d8hXt0wu2vl+2iNvTGXdtWLxdJcfYEzwzjuZhDHA6QKBgAJe9bbAME5CPHr6D8PB
0LnObHARLVYK8qYzA0No2gDVRGVf2b1gCU8c3BOW2wQy81Tk1GTGBpvRXGcgHaIP
S+HUF/dvNhYwLowJns8u2aneqJI+skTKWPn2Qd+DYxGac4ofSkrWimYSrCizSnwk
V5/6wNfJo15s2v0EGA8HRuwC
-----END PRIVATE KEY-----
